[2014-02-23 15:08:55.007] [ERROR] game-server\app.js -  Caught exception: Error: Cannot find module '../domain/user'
    at Function.Module._resolveFilename (module.js:338:15)
    at Function.Module._load (module.js:280:25)
    at Module.require (module.js:364:17)
    at require (module.js:380:17)
    at Object.<anonymous> (E:\pomelo-master\ccmj\game-server\app\dao\userDao.js:3:12)
    at Module._compile (module.js:456:26)
    at Object.Module._extensions..js (module.js:474:10)
    at Module.load (module.js:356:32)
    at Function.Module._load (module.js:312:12)
    at Module.require (module.js:364:17)
[2014-02-23 15:09:18.173] [ERROR] game-server\app.js -  Caught exception: Error: spawn OK
    at errnoException (child_process.js:980:11)
    at Process.ChildProcess._handle.onexit (child_process.js:771:34)
[2014-02-23 15:09:18.192] [ERROR] game-server\app.js -  Caught exception: Error: spawn OK
    at errnoException (child_process.js:980:11)
    at Process.ChildProcess._handle.onexit (child_process.js:771:34)
[2014-02-23 15:09:18.246] [ERROR] game-server\app.js -  Caught exception: Error: spawn OK
    at errnoException (child_process.js:980:11)
    at Process.ChildProcess._handle.onexit (child_process.js:771:34)
[2014-02-23 15:09:18.248] [ERROR] game-server\app.js -  Caught exception: Error: spawn OK
    at errnoException (child_process.js:980:11)
    at Process.ChildProcess._handle.onexit (child_process.js:771:34)
