[2014-02-23 15:09:23.006] [ERROR] game-server\app.js -  Caught exception: Error: Cannot find module '../../dao/taskDao'
    at Function.Module._resolveFilename (module.js:338:15)
    at Function.Module._load (module.js:280:25)
    at Module.require (module.js:364:17)
    at require (module.js:380:17)
    at Object.<anonymous> (E:\pomelo-master\ccmj\game-server\app\domain\entity\player.js:10:15)
    at Module._compile (module.js:456:26)
    at Object.Module._extensions..js (module.js:474:10)
    at Module.load (module.js:356:32)
    at Function.Module._load (module.js:312:12)
    at Module.require (module.js:364:17)
[2014-02-23 15:09:35.187] [ERROR] game-server\app.js -  Caught exception: Error: spawn OK
    at errnoException (child_process.js:980:11)
    at Process.ChildProcess._handle.onexit (child_process.js:771:34)
[2014-02-23 15:09:35.206] [ERROR] game-server\app.js -  Caught exception: Error: spawn OK
    at errnoException (child_process.js:980:11)
    at Process.ChildProcess._handle.onexit (child_process.js:771:34)
[2014-02-23 15:09:35.233] [ERROR] game-server\app.js -  Caught exception: Error: spawn OK
    at errnoException (child_process.js:980:11)
    at Process.ChildProcess._handle.onexit (child_process.js:771:34)
[2014-02-23 15:09:35.262] [ERROR] game-server\app.js -  Caught exception: Error: spawn OK
    at errnoException (child_process.js:980:11)
    at Process.ChildProcess._handle.onexit (child_process.js:771:34)
